<?xml version="1.0" encoding="UTF-8"?>
<!-- Generated by org.testng.reporters.JUnitXMLReporter -->
<testsuite hostname="DESKTOP-RRV5057" name="Default test" tests="4" failures="0" timestamp="8 Jun 2021 12:49:07 GMT" time="0.069" errors="0">
  <testcase name="applyCarLoan" time="0.03" classname="testNGDemo.CarLoan"/>
  <testcase name="createSubmittDoc" time="0.003" classname="testNGDemo.CarLoan"/>
  <testcase name="sanctionAmount" time="0.002" classname="testNGDemo.CarLoan"/>
  <testcase name="verifyDoc" time="0.001" classname="testNGDemo.CarLoan"/>
</testsuite> <!-- Default test -->
