<?xml version="1.0" encoding="UTF-8"?>
<!-- Generated by org.testng.reporters.JUnitXMLReporter -->
<testsuite hostname="DESKTOP-RRV5057" name="Test" tests="8" failures="0" timestamp="8 Jun 2021 13:09:33 GMT" time="0.368" errors="0">
  <testcase name="createBankAccount" time="0.066" classname="testNGDemo.BankAccount"/>
  <testcase name="depositAmount" time="0.0" classname="testNGDemo.BankAccount"/>
  <testcase name="m1" time="0.014" classname="testNGDemo.BankAccount"/>
  <testcase name="withDrawnAmunt" time="0.009" classname="testNGDemo.BankAccount"/>
  <testcase name="applyCarLoan" time="0.001" classname="testNGDemo.CarLoan"/>
  <testcase name="createSubmittDoc" time="0.031" classname="testNGDemo.CarLoan"/>
  <testcase name="sanctionAmount" time="0.0" classname="testNGDemo.CarLoan"/>
  <testcase name="verifyDoc" time="0.013" classname="testNGDemo.CarLoan"/>
</testsuite> <!-- Test -->
