<?xml version="1.0" encoding="UTF-8"?>
<testng-results skipped="0" failed="0" total="2" passed="2">
  <reporter-output>
  </reporter-output>
  <suite name="Suite" duration-ms="63" started-at="2021-05-16T02:32:03Z" finished-at="2021-05-16T02:32:03Z">
    <groups>
    </groups>
    <test name="Test" duration-ms="63" started-at="2021-05-16T02:32:03Z" finished-at="2021-05-16T02:32:03Z">
      <class name="testNGDemo.BankAccount">
        <test-method status="PASS" signature="createBankAccount()[pri:0, instance:testNGDemo.BankAccount@68be2bc2]" name="createBankAccount" duration-ms="31" started-at="2021-05-16T08:02:03Z" finished-at="2021-05-16T08:02:03Z">
          <reporter-output>
          </reporter-output>
        </test-method> <!-- createBankAccount -->
        <test-method status="PASS" signature="depositAmount()[pri:0, instance:testNGDemo.BankAccount@68be2bc2]" name="depositAmount" duration-ms="0" started-at="2021-05-16T08:02:03Z" finished-at="2021-05-16T08:02:03Z">
          <reporter-output>
          </reporter-output>
        </test-method> <!-- depositAmount -->
      </class> <!-- testNGDemo.BankAccount -->
    </test> <!-- Test -->
  </suite> <!-- Suite -->
</testng-results>
